<?xml version="1.0" encoding="UTF-8"?>
<!-- Generated by org.testng.reporters.JUnitXMLReporter -->
<testsuite hostname="CJLPE13877FK" ignored="74" name="Regression" tests="39" failures="0" timestamp="17 Sep 2020 08:40:51 GMT" time="7387.767" errors="0">
  <testcase name="myCEHappyPath" time="76.031" classname="com.vin.testscripts.MyCEHappyPath"/>
  <testcase name="RodenticideHappyPath" time="58.886" classname="com.vin.testscripts.RodenticideHappyPath"/>
  <testcase name="boardsDraft" time="208.276" classname="com.vin.testscripts.BoardsDraftHappyPath"/>
  <testcase name="StudentLoanSimulator2yearRepayment" time="30.047" classname="com.vin.testscripts.StudentLoanSimHappyPath"/>
  <testcase name="studentLoanSimulatorHappyPath" time="32.347" classname="com.vin.testscripts.StudentLoanSimHappyPath"/>
  <testcase name="verifyMyVINProfileInterestsHappyPath" time="329.604" classname="com.vin.testscripts.MyVINProfileInterestsHappyPath"/>
  <testcase name="vinpromopage" time="421.958" classname="com.vin.testscripts.VINPromoPage"/>
  <testcase name="verifyDoseCalculatorHappyPath" time="67.96" classname="com.vin.testscripts.DoseCalculatorHappyPath"/>
  <testcase name="verifyVeterinaryHappyPath" time="56.868" classname="com.vin.testscripts.VeterinaryHappyPath"/>
  <testcase name="chocolateToxicityHappyPath" time="67.881" classname="com.vin.testscripts.ChocolateToxicityHappyPath"/>
  <testcase name="postGraduateTrainingHappyPath" time="111.975" classname="com.vin.testscripts.PostGraduateTrainingHappyPath"/>
  <testcase name="signalment" time="178.231" classname="com.vin.testscripts.SignalmentHappyPath"/>
  <testcase name="LandingPagePrefOnePass" time="145.962" classname="com.vin.testscripts.LandingPagePrefOnePass"/>
  <testcase name="VVDHOnePass" time="143.639" classname="com.vin.testscripts.VVDHOnePass"/>
  <testcase name="verifyEchocardiogramHappyPath" time="104.89" classname="com.vin.testscripts.EchocardiogramHappyPath"/>
  <testcase name="subscriptionHappyPath" time="119.593" classname="com.vin.testscripts.SubscriptionsHappyPath"/>
  <testcase name="vVDh" time="225.729" classname="com.vin.testscripts.VVDHHappyPath"/>
  <testcase name="promoPageStudentAcademia" time="15.279" classname="com.vin.testscripts.VINPromoPageStudentAcademia"/>
  <testcase name="verifyBodySurfaceHappyPath" time="49.859" classname="com.vin.testscripts.BodySurfaceHappyPath"/>
  <testcase name="boardsLandingPage" time="127.104" classname="com.vin.testscripts.BoardsLanding"/>
  <testcase name="verifyCRIHappyPath" time="92.281" classname="com.vin.testscripts.CRIHappyPath"/>
  <testcase name="drugDilution_FromHomePage" time="135.672" classname="com.vin.testscripts.DrugDilution_FromHomePageHappyPath"/>
  <testcase name="emergencyDrugCanine" time="73.511" classname="com.vin.testscripts.EmergencyDrugCanine"/>
  <testcase name="emergencyDrugFeline" time="73.693" classname="com.vin.testscripts.EmergencyDrugFeline"/>
  <testcase name="feedTubeHappyPath" time="53.753" classname="com.vin.testscripts.FeedTubeHappyPath"/>
  <testcase name="frontPage" time="138.198" classname="com.vin.testscripts.FrontPageScriptsHappyPath"/>
  <testcase name="mYColleagueSearchViewResults" time="62.372" classname="com.vin.testscripts.MyColleaguesHappyPath"/>
  <testcase name="myColleaguesSearch" time="55.012" classname="com.vin.testscripts.MyColleaguesHappyPath"/>
  <testcase name="verifyNewsHappyPath" time="210.157" classname="com.vin.testscripts.NewsHappyPath"/>
  <testcase name="verifySearchHappyPath" time="177.593" classname="com.vin.testscripts.SearchHappyPath"/>
  <testcase name="transfusionVolumeHappyPath" time="111.937" classname="com.vin.testscripts.TransfusionVolumeHappyPath"/>
  <testcase name="validLoginToVin" time="54.812" classname="com.vin.testscripts.ValidLoginToVin"/>
  <testcase name="vinDex" time="1776.678" classname="com.vin.testscripts.Vindex"/>
  <testcase name="verifyEmergencyDrugCannineHappyPath" time="53.929" classname="com.vin.testscripts.EmergencyDrugCannineHappyPath"/>
  <testcase name="verifyEmergencyDrugFellineHappyPath" time="56.729" classname="com.vin.testscripts.EmergencyDrugFellineHappyPath"/>
  <testcase name="eVetSitesHappyPathextends" time="35.259" classname="com.vin.testscripts.eVetSitesHappyPath"/>
  <testcase name="verifyCertificationAndHonorsHappyPath" time="122.881" classname="com.vin.testscripts.CertificationAndHonorsHappyPath"/>
  <testcase name="verifyBromideCalculatorNaBrHappyPath" time="44.484" classname="com.vin.testscripts.BromideCalculatorNaBrHappyPath"/>
  <testcase name="verifyBromideCalculatorKBrHappyPath" time="45.52" classname="com.vin.testscripts.BromideCalculatorKBrHappyPath"/>
  <testcase name="@AfterSuite tearDownSuite" time="0.0" classname="com.vin.selenium.core.BaseTest">
    <ignored/>
  </testcase> <!-- @AfterSuite tearDownSuite -->
  <testcase name="@AfterSuite tearDownSuite" time="0.0" classname="com.vin.selenium.core.BaseTest">
    <ignored/>
  </testcase> <!-- @AfterSuite tearDownSuite -->
  <testcase name="@AfterSuite tearDownSuite" time="0.0" classname="com.vin.selenium.core.BaseTest">
    <ignored/>
  </testcase> <!-- @AfterSuite tearDownSuite -->
  <testcase name="@AfterSuite tearDownSuite" time="0.0" classname="com.vin.selenium.core.BaseTest">
    <ignored/>
  </testcase> <!-- @AfterSuite tearDownSuite -->
  <testcase name="@AfterSuite tearDownSuite" time="0.0" classname="com.vin.selenium.core.BaseTest">
    <ignored/>
  </testcase> <!-- @AfterSuite tearDownSuite -->
  <testcase name="@AfterSuite tearDownSuite" time="0.0" classname="com.vin.selenium.core.BaseTest">
    <ignored/>
  </testcase> <!-- @AfterSuite tearDownSuite -->
  <testcase name="@AfterSuite tearDownSuite" time="0.0" classname="com.vin.selenium.core.BaseTest">
    <ignored/>
  </testcase> <!-- @AfterSuite tearDownSuite -->
  <testcase name="@AfterSuite tearDownSuite" time="0.0" classname="com.vin.selenium.core.BaseTest">
    <ignored/>
  </testcase> <!-- @AfterSuite tearDownSuite -->
  <testcase name="@AfterSuite tearDownSuite" time="0.0" classname="com.vin.selenium.core.BaseTest">
    <ignored/>
  </testcase> <!-- @AfterSuite tearDownSuite -->
  <testcase name="@AfterSuite tearDownSuite" time="0.0" classname="com.vin.selenium.core.BaseTest">
    <ignored/>
  </testcase> <!-- @AfterSuite tearDownSuite -->
  <testcase name="@AfterSuite tearDownSuite" time="0.0" classname="com.vin.selenium.core.BaseTest">
    <ignored/>
  </testcase> <!-- @AfterSuite tearDownSuite -->
  <testcase name="@AfterSuite tearDownSuite" time="0.0" classname="com.vin.selenium.core.BaseTest">
    <ignored/>
  </testcase> <!-- @AfterSuite tearDownSuite -->
  <testcase name="@AfterSuite tearDownSuite" time="0.0" classname="com.vin.selenium.core.BaseTest">
    <ignored/>
  </testcase> <!-- @AfterSuite tearDownSuite -->
  <testcase name="@AfterSuite tearDownSuite" time="0.0" classname="com.vin.selenium.core.BaseTest">
    <ignored/>
  </testcase> <!-- @AfterSuite tearDownSuite -->
  <testcase name="@AfterSuite tearDownSuite" time="0.0" classname="com.vin.selenium.core.BaseTest">
    <ignored/>
  </testcase> <!-- @AfterSuite tearDownSuite -->
  <testcase name="@AfterSuite tearDownSuite" time="0.0" classname="com.vin.selenium.core.BaseTest">
    <ignored/>
  </testcase> <!-- @AfterSuite tearDownSuite -->
  <testcase name="@AfterSuite tearDownSuite" time="0.0" classname="com.vin.selenium.core.BaseTest">
    <ignored/>
  </testcase> <!-- @AfterSuite tearDownSuite -->
  <testcase name="@AfterSuite tearDownSuite" time="0.0" classname="com.vin.selenium.core.BaseTest">
    <ignored/>
  </testcase> <!-- @AfterSuite tearDownSuite -->
  <testcase name="@AfterSuite tearDownSuite" time="0.0" classname="com.vin.selenium.core.BaseTest">
    <ignored/>
  </testcase> <!-- @AfterSuite tearDownSuite -->
  <testcase name="@AfterSuite tearDownSuite" time="0.0" classname="com.vin.selenium.core.BaseTest">
    <ignored/>
  </testcase> <!-- @AfterSuite tearDownSuite -->
  <testcase name="@AfterSuite tearDownSuite" time="0.0" classname="com.vin.selenium.core.BaseTest">
    <ignored/>
  </testcase> <!-- @AfterSuite tearDownSuite -->
  <testcase name="@AfterSuite tearDownSuite" time="0.0" classname="com.vin.selenium.core.BaseTest">
    <ignored/>
  </testcase> <!-- @AfterSuite tearDownSuite -->
  <testcase name="@AfterSuite tearDownSuite" time="0.0" classname="com.vin.selenium.core.BaseTest">
    <ignored/>
  </testcase> <!-- @AfterSuite tearDownSuite -->
  <testcase name="@AfterSuite tearDownSuite" time="0.0" classname="com.vin.selenium.core.BaseTest">
    <ignored/>
  </testcase> <!-- @AfterSuite tearDownSuite -->
  <testcase name="@AfterSuite tearDownSuite" time="0.0" classname="com.vin.selenium.core.BaseTest">
    <ignored/>
  </testcase> <!-- @AfterSuite tearDownSuite -->
  <testcase name="@AfterSuite tearDownSuite" time="0.0" classname="com.vin.selenium.core.BaseTest">
    <ignored/>
  </testcase> <!-- @AfterSuite tearDownSuite -->
  <testcase name="@AfterSuite tearDownSuite" time="0.0" classname="com.vin.selenium.core.BaseTest">
    <ignored/>
  </testcase> <!-- @AfterSuite tearDownSuite -->
  <testcase name="@AfterSuite tearDownSuite" time="0.0" classname="com.vin.selenium.core.BaseTest">
    <ignored/>
  </testcase> <!-- @AfterSuite tearDownSuite -->
  <testcase name="@AfterSuite tearDownSuite" time="0.0" classname="com.vin.selenium.core.BaseTest">
    <ignored/>
  </testcase> <!-- @AfterSuite tearDownSuite -->
  <testcase name="@AfterSuite tearDownSuite" time="0.0" classname="com.vin.selenium.core.BaseTest">
    <ignored/>
  </testcase> <!-- @AfterSuite tearDownSuite -->
  <testcase name="@AfterSuite tearDownSuite" time="0.0" classname="com.vin.selenium.core.BaseTest">
    <ignored/>
  </testcase> <!-- @AfterSuite tearDownSuite -->
  <testcase name="@AfterSuite tearDownSuite" time="0.0" classname="com.vin.selenium.core.BaseTest">
    <ignored/>
  </testcase> <!-- @AfterSuite tearDownSuite -->
  <testcase name="@AfterSuite tearDownSuite" time="0.0" classname="com.vin.selenium.core.BaseTest">
    <ignored/>
  </testcase> <!-- @AfterSuite tearDownSuite -->
  <testcase name="@AfterSuite tearDownSuite" time="0.0" classname="com.vin.selenium.core.BaseTest">
    <ignored/>
  </testcase> <!-- @AfterSuite tearDownSuite -->
  <testcase name="@AfterSuite tearDownSuite" time="0.0" classname="com.vin.selenium.core.BaseTest">
    <ignored/>
  </testcase> <!-- @AfterSuite tearDownSuite -->
  <testcase name="@AfterSuite tearDownSuite" time="0.0" classname="com.vin.selenium.core.BaseTest">
    <ignored/>
  </testcase> <!-- @AfterSuite tearDownSuite -->
  <testcase name="@AfterSuite tearDownSuite" time="0.0" classname="com.vin.selenium.core.BaseTest">
    <ignored/>
  </testcase> <!-- @AfterSuite tearDownSuite -->
  <testcase name="@BeforeSuite before" time="0.0" classname="com.vin.selenium.core.BaseTest">
    <ignored/>
  </testcase> <!-- @BeforeSuite before -->
  <testcase name="@BeforeSuite before" time="0.0" classname="com.vin.selenium.core.BaseTest">
    <ignored/>
  </testcase> <!-- @BeforeSuite before -->
  <testcase name="@BeforeSuite before" time="0.0" classname="com.vin.selenium.core.BaseTest">
    <ignored/>
  </testcase> <!-- @BeforeSuite before -->
  <testcase name="@BeforeSuite before" time="0.0" classname="com.vin.selenium.core.BaseTest">
    <ignored/>
  </testcase> <!-- @BeforeSuite before -->
  <testcase name="@BeforeSuite before" time="0.0" classname="com.vin.selenium.core.BaseTest">
    <ignored/>
  </testcase> <!-- @BeforeSuite before -->
  <testcase name="@BeforeSuite before" time="0.0" classname="com.vin.selenium.core.BaseTest">
    <ignored/>
  </testcase> <!-- @BeforeSuite before -->
  <testcase name="@BeforeSuite before" time="0.0" classname="com.vin.selenium.core.BaseTest">
    <ignored/>
  </testcase> <!-- @BeforeSuite before -->
  <testcase name="@BeforeSuite before" time="0.0" classname="com.vin.selenium.core.BaseTest">
    <ignored/>
  </testcase> <!-- @BeforeSuite before -->
  <testcase name="@BeforeSuite before" time="0.0" classname="com.vin.selenium.core.BaseTest">
    <ignored/>
  </testcase> <!-- @BeforeSuite before -->
  <testcase name="@BeforeSuite before" time="0.0" classname="com.vin.selenium.core.BaseTest">
    <ignored/>
  </testcase> <!-- @BeforeSuite before -->
  <testcase name="@BeforeSuite before" time="0.0" classname="com.vin.selenium.core.BaseTest">
    <ignored/>
  </testcase> <!-- @BeforeSuite before -->
  <testcase name="@BeforeSuite before" time="0.0" classname="com.vin.selenium.core.BaseTest">
    <ignored/>
  </testcase> <!-- @BeforeSuite before -->
  <testcase name="@BeforeSuite before" time="0.0" classname="com.vin.selenium.core.BaseTest">
    <ignored/>
  </testcase> <!-- @BeforeSuite before -->
  <testcase name="@BeforeSuite before" time="0.0" classname="com.vin.selenium.core.BaseTest">
    <ignored/>
  </testcase> <!-- @BeforeSuite before -->
  <testcase name="@BeforeSuite before" time="0.0" classname="com.vin.selenium.core.BaseTest">
    <ignored/>
  </testcase> <!-- @BeforeSuite before -->
  <testcase name="@BeforeSuite before" time="0.0" classname="com.vin.selenium.core.BaseTest">
    <ignored/>
  </testcase> <!-- @BeforeSuite before -->
  <testcase name="@BeforeSuite before" time="0.0" classname="com.vin.selenium.core.BaseTest">
    <ignored/>
  </testcase> <!-- @BeforeSuite before -->
  <testcase name="@BeforeSuite before" time="0.0" classname="com.vin.selenium.core.BaseTest">
    <ignored/>
  </testcase> <!-- @BeforeSuite before -->
  <testcase name="@BeforeSuite before" time="0.0" classname="com.vin.selenium.core.BaseTest">
    <ignored/>
  </testcase> <!-- @BeforeSuite before -->
  <testcase name="@BeforeSuite before" time="0.0" classname="com.vin.selenium.core.BaseTest">
    <ignored/>
  </testcase> <!-- @BeforeSuite before -->
  <testcase name="@BeforeSuite before" time="0.0" classname="com.vin.selenium.core.BaseTest">
    <ignored/>
  </testcase> <!-- @BeforeSuite before -->
  <testcase name="@BeforeSuite before" time="0.0" classname="com.vin.selenium.core.BaseTest">
    <ignored/>
  </testcase> <!-- @BeforeSuite before -->
  <testcase name="@BeforeSuite before" time="0.0" classname="com.vin.selenium.core.BaseTest">
    <ignored/>
  </testcase> <!-- @BeforeSuite before -->
  <testcase name="@BeforeSuite before" time="0.0" classname="com.vin.selenium.core.BaseTest">
    <ignored/>
  </testcase> <!-- @BeforeSuite before -->
  <testcase name="@BeforeSuite before" time="0.0" classname="com.vin.selenium.core.BaseTest">
    <ignored/>
  </testcase> <!-- @BeforeSuite before -->
  <testcase name="@BeforeSuite before" time="0.0" classname="com.vin.selenium.core.BaseTest">
    <ignored/>
  </testcase> <!-- @BeforeSuite before -->
  <testcase name="@BeforeSuite before" time="0.0" classname="com.vin.selenium.core.BaseTest">
    <ignored/>
  </testcase> <!-- @BeforeSuite before -->
  <testcase name="@BeforeSuite before" time="0.0" classname="com.vin.selenium.core.BaseTest">
    <ignored/>
  </testcase> <!-- @BeforeSuite before -->
  <testcase name="@BeforeSuite before" time="0.0" classname="com.vin.selenium.core.BaseTest">
    <ignored/>
  </testcase> <!-- @BeforeSuite before -->
  <testcase name="@BeforeSuite before" time="0.0" classname="com.vin.selenium.core.BaseTest">
    <ignored/>
  </testcase> <!-- @BeforeSuite before -->
  <testcase name="@BeforeSuite before" time="0.0" classname="com.vin.selenium.core.BaseTest">
    <ignored/>
  </testcase> <!-- @BeforeSuite before -->
  <testcase name="@BeforeSuite before" time="0.0" classname="com.vin.selenium.core.BaseTest">
    <ignored/>
  </testcase> <!-- @BeforeSuite before -->
  <testcase name="@BeforeSuite before" time="0.0" classname="com.vin.selenium.core.BaseTest">
    <ignored/>
  </testcase> <!-- @BeforeSuite before -->
  <testcase name="@BeforeSuite before" time="0.0" classname="com.vin.selenium.core.BaseTest">
    <ignored/>
  </testcase> <!-- @BeforeSuite before -->
  <testcase name="@BeforeSuite before" time="0.0" classname="com.vin.selenium.core.BaseTest">
    <ignored/>
  </testcase> <!-- @BeforeSuite before -->
  <testcase name="@BeforeSuite before" time="0.0" classname="com.vin.selenium.core.BaseTest">
    <ignored/>
  </testcase> <!-- @BeforeSuite before -->
  <testcase name="@BeforeSuite before" time="0.0" classname="com.vin.selenium.core.BaseTest">
    <ignored/>
  </testcase> <!-- @BeforeSuite before -->
</testsuite> <!-- Regression -->
