<?xml version="1.0" encoding="UTF-8"?>
<!-- Generated by org.testng.reporters.JUnitXMLReporter -->
<testsuite hostname="CJLPE13877FK" ignored="80" name="Regression" tests="41" failures="0" timestamp="17 Sep 2020 10:24:03 GMT" time="5875.156" errors="0">
  <testcase name="FleaandTickProductFinderHappyPath" time="88.099" classname="com.vin.testscripts.FleaandTickProductFinderHappyPath"/>
  <testcase name="VerifyProfileLicensureHappyPath" time="107.902" classname="com.vin.testscripts.ProfileLicensureHappyPath"/>
  <testcase name="CalorieDistributionCalculatorHappyPath" time="51.803" classname="com.vin.testscripts.CalorieDistributionCalculatorHappyPath"/>
  <testcase name="EnergyRequirementsHappyPath" time="52.571" classname="com.vin.testscripts.EnergyRequirementsHappyPath"/>
  <testcase name="FreeWaterDeficitHappyPath" time="47.17" classname="com.vin.testscripts.FreeWaterDeficitHappyPath"/>
  <testcase name="GestationCatHappyPath" time="60.478" classname="com.vin.testscripts.GestationCatHappyPath"/>
  <testcase name="FluidTherapyHappyPath" time="42.281" classname="com.vin.testscripts.FluidTherapyHappyPath"/>
  <testcase name="TopicalTherapyHappyPath" time="52.078" classname="com.vin.testscripts.TopicalTherapyHappyPath"/>
  <testcase name="verifyPremedicationDogDrugHappyPath" time="47.758" classname="com.vin.testscripts.PremedicationDogDrugHappyPath"/>
  <testcase name="verifyPremedicationCatDrugHappyPath" time="51.887" classname="com.vin.testscripts.PremedicationCatDrugHappyPath"/>
  <testcase name="HeartwormHappyPath" time="46.891" classname="com.vin.testscripts.HeartwormHappyPath"/>
  <testcase name="eVetSitesHappyPathextends" time="34.466" classname="com.vin.testscripts.eVetSitesHappyPath"/>
  <testcase name="VINxHappyPath" time="172.926" classname="com.vin.testscripts.VINxHappyPath"/>
  <testcase name="PublicNewsHappyPath" time="60.864" classname="com.vin.testscripts.PublicNewsHappyPath"/>
  <testcase name="VINPromoPageOther" time="74.819" classname="com.vin.testscripts.VINPromoPageOther"/>
  <testcase name="VerifyCECourseInfo" time="53.507" classname="com.vin.testscripts.CECourseInfoHappyPath"/>
  <testcase name="verifyMyActivitiesHappyPath" time="211.18" classname="com.vin.testscripts.MyActivitiesHappyPath"/>
  <testcase name="verifyMeanElectricalAxisHappyPath" time="71.695" classname="com.vin.testscripts.MeanElectricalAxisHappyPath"/>
  <testcase name="verifyDiscussionViewerHappyPath" time="210.058" classname="com.vin.testscripts.DiscussionViewerHappyPath"/>
  <testcase name="isleHappyPath" time="44.357" classname="com.vin.testscripts.IsleHappyPath"/>
  <testcase name="verifyGlucosePlotterHappyPath" time="46.718" classname="com.vin.testscripts.GlucosePlotterDogHappyPath"/>
  <testcase name="verifyGlucosePlotterCatHappyPath" time="71.027" classname="com.vin.testscripts.GlucosePlotterCatHappyPath"/>
  <testcase name="verifyVSPNFrontPageHappyPath" time="194.237" classname="com.vin.testscripts.VSPNFrontPageHappyPath"/>
  <testcase name="VerifyMyVINPreferencesGeneralOnePass" time="108.761" classname="com.vin.testscripts.MyVINPreferencesGeneralOnePass"/>
  <testcase name="verifyMyVINProfileemailAndwebsiteHappyPath" time="173.289" classname="com.vin.testscripts.MyVINProfileemailAndwebsiteHappyPath"/>
  <testcase name="verifyMyVINProfilePhoneAndFaxHappyPath" time="195.922" classname="com.vin.testscripts.MyVINProfilePhoneAndFaxHappyPath"/>
  <testcase name="verifyMyVINProfileemailAndwebsiteHappyPath" time="161.259" classname="com.vin.testscripts.MyVINProfileAddressHappyPath"/>
  <testcase name="verifyMyVINProfileCertificationsAndHonorsHappyPath" time="159.616" classname="com.vin.testscripts.MyVINProfileCertificationsAndHonorsHappyPath"/>
  <testcase name="verifyMyVINProfileInterestsHappyPath" time="352.887" classname="com.vin.testscripts.MyVINProfileInterestsHappyPath"/>
  <testcase name="verifyMyProfileChangeNameHappyPath" time="89.408" classname="com.vin.testscripts.MyProfileChangeNameHappyPath"/>
  <testcase name="verifyMyProfileHappyPath" time="134.933" classname="com.vin.testscripts.MyProfileHappyPath"/>
  <testcase name="verifyMyProfilePostGraduateTrainingHappyPath" time="172.767" classname="com.vin.testscripts.MyProfilePostGraduateTrainingHappyPath"/>
  <testcase name="verifyMyProfileEducationHappyPath" time="119.088" classname="com.vin.testscripts.MyProfileEducationHappyPath"/>
  <testcase name="verifyMyProfileEducationHappyPath" time="98.79" classname="com.vin.testscripts.MyProfileLicensureHappyPath"/>
  <testcase name="NSAIDHappyPath" time="58.833" classname="com.vin.testscripts.NSAIDHappyPath"/>
  <testcase name="VerifyCourseMainPageHappyPath" time="185.097" classname="com.vin.testscripts.CourseMainPageHappyPath"/>
  <testcase name="verifyPresenter4Menu" time="146.902" classname="com.vin.testscripts.Presenter4Menu"/>
  <testcase name="verifyPreferencesEmailOnePass" time="85.256" classname="com.vin.testscripts.PreferencesEmailOnePass"/>
  <testcase name="verifyPreferencesSignatureOnePass" time="76.312" classname="com.vin.testscripts.PreferencesSignatureOnePass"/>
  <testcase name="verifyPreferencesBoardsOnePass" time="121.617" classname="com.vin.testscripts.PreferencesBoardsOnePass"/>
  <testcase name="verifyDocDeliveryHappyPath" time="152.335" classname="com.vin.testscripts.DocDeliveryHappyPath"/>
  <testcase name="@AfterSuite tearDownSuite" time="0.0" classname="com.vin.selenium.core.BaseTest">
    <ignored/>
  </testcase> <!-- @AfterSuite tearDownSuite -->
  <testcase name="@AfterSuite tearDownSuite" time="0.0" classname="com.vin.selenium.core.BaseTest">
    <ignored/>
  </testcase> <!-- @AfterSuite tearDownSuite -->
  <testcase name="@AfterSuite tearDownSuite" time="0.0" classname="com.vin.selenium.core.BaseTest">
    <ignored/>
  </testcase> <!-- @AfterSuite tearDownSuite -->
  <testcase name="@AfterSuite tearDownSuite" time="0.0" classname="com.vin.selenium.core.BaseTest">
    <ignored/>
  </testcase> <!-- @AfterSuite tearDownSuite -->
  <testcase name="@AfterSuite tearDownSuite" time="0.0" classname="com.vin.selenium.core.BaseTest">
    <ignored/>
  </testcase> <!-- @AfterSuite tearDownSuite -->
  <testcase name="@AfterSuite tearDownSuite" time="0.0" classname="com.vin.selenium.core.BaseTest">
    <ignored/>
  </testcase> <!-- @AfterSuite tearDownSuite -->
  <testcase name="@AfterSuite tearDownSuite" time="0.0" classname="com.vin.selenium.core.BaseTest">
    <ignored/>
  </testcase> <!-- @AfterSuite tearDownSuite -->
  <testcase name="@AfterSuite tearDownSuite" time="0.0" classname="com.vin.selenium.core.BaseTest">
    <ignored/>
  </testcase> <!-- @AfterSuite tearDownSuite -->
  <testcase name="@AfterSuite tearDownSuite" time="0.0" classname="com.vin.selenium.core.BaseTest">
    <ignored/>
  </testcase> <!-- @AfterSuite tearDownSuite -->
  <testcase name="@AfterSuite tearDownSuite" time="0.0" classname="com.vin.selenium.core.BaseTest">
    <ignored/>
  </testcase> <!-- @AfterSuite tearDownSuite -->
  <testcase name="@AfterSuite tearDownSuite" time="0.0" classname="com.vin.selenium.core.BaseTest">
    <ignored/>
  </testcase> <!-- @AfterSuite tearDownSuite -->
  <testcase name="@AfterSuite tearDownSuite" time="0.0" classname="com.vin.selenium.core.BaseTest">
    <ignored/>
  </testcase> <!-- @AfterSuite tearDownSuite -->
  <testcase name="@AfterSuite tearDownSuite" time="0.0" classname="com.vin.selenium.core.BaseTest">
    <ignored/>
  </testcase> <!-- @AfterSuite tearDownSuite -->
  <testcase name="@AfterSuite tearDownSuite" time="0.0" classname="com.vin.selenium.core.BaseTest">
    <ignored/>
  </testcase> <!-- @AfterSuite tearDownSuite -->
  <testcase name="@AfterSuite tearDownSuite" time="0.0" classname="com.vin.selenium.core.BaseTest">
    <ignored/>
  </testcase> <!-- @AfterSuite tearDownSuite -->
  <testcase name="@AfterSuite tearDownSuite" time="0.0" classname="com.vin.selenium.core.BaseTest">
    <ignored/>
  </testcase> <!-- @AfterSuite tearDownSuite -->
  <testcase name="@AfterSuite tearDownSuite" time="0.0" classname="com.vin.selenium.core.BaseTest">
    <ignored/>
  </testcase> <!-- @AfterSuite tearDownSuite -->
  <testcase name="@AfterSuite tearDownSuite" time="0.0" classname="com.vin.selenium.core.BaseTest">
    <ignored/>
  </testcase> <!-- @AfterSuite tearDownSuite -->
  <testcase name="@AfterSuite tearDownSuite" time="0.0" classname="com.vin.selenium.core.BaseTest">
    <ignored/>
  </testcase> <!-- @AfterSuite tearDownSuite -->
  <testcase name="@AfterSuite tearDownSuite" time="0.0" classname="com.vin.selenium.core.BaseTest">
    <ignored/>
  </testcase> <!-- @AfterSuite tearDownSuite -->
  <testcase name="@AfterSuite tearDownSuite" time="0.0" classname="com.vin.selenium.core.BaseTest">
    <ignored/>
  </testcase> <!-- @AfterSuite tearDownSuite -->
  <testcase name="@AfterSuite tearDownSuite" time="0.0" classname="com.vin.selenium.core.BaseTest">
    <ignored/>
  </testcase> <!-- @AfterSuite tearDownSuite -->
  <testcase name="@AfterSuite tearDownSuite" time="0.0" classname="com.vin.selenium.core.BaseTest">
    <ignored/>
  </testcase> <!-- @AfterSuite tearDownSuite -->
  <testcase name="@AfterSuite tearDownSuite" time="0.0" classname="com.vin.selenium.core.BaseTest">
    <ignored/>
  </testcase> <!-- @AfterSuite tearDownSuite -->
  <testcase name="@AfterSuite tearDownSuite" time="0.0" classname="com.vin.selenium.core.BaseTest">
    <ignored/>
  </testcase> <!-- @AfterSuite tearDownSuite -->
  <testcase name="@AfterSuite tearDownSuite" time="0.0" classname="com.vin.selenium.core.BaseTest">
    <ignored/>
  </testcase> <!-- @AfterSuite tearDownSuite -->
  <testcase name="@AfterSuite tearDownSuite" time="0.0" classname="com.vin.selenium.core.BaseTest">
    <ignored/>
  </testcase> <!-- @AfterSuite tearDownSuite -->
  <testcase name="@AfterSuite tearDownSuite" time="0.0" classname="com.vin.selenium.core.BaseTest">
    <ignored/>
  </testcase> <!-- @AfterSuite tearDownSuite -->
  <testcase name="@AfterSuite tearDownSuite" time="0.0" classname="com.vin.selenium.core.BaseTest">
    <ignored/>
  </testcase> <!-- @AfterSuite tearDownSuite -->
  <testcase name="@AfterSuite tearDownSuite" time="0.0" classname="com.vin.selenium.core.BaseTest">
    <ignored/>
  </testcase> <!-- @AfterSuite tearDownSuite -->
  <testcase name="@AfterSuite tearDownSuite" time="0.0" classname="com.vin.selenium.core.BaseTest">
    <ignored/>
  </testcase> <!-- @AfterSuite tearDownSuite -->
  <testcase name="@AfterSuite tearDownSuite" time="0.0" classname="com.vin.selenium.core.BaseTest">
    <ignored/>
  </testcase> <!-- @AfterSuite tearDownSuite -->
  <testcase name="@AfterSuite tearDownSuite" time="0.0" classname="com.vin.selenium.core.BaseTest">
    <ignored/>
  </testcase> <!-- @AfterSuite tearDownSuite -->
  <testcase name="@AfterSuite tearDownSuite" time="0.0" classname="com.vin.selenium.core.BaseTest">
    <ignored/>
  </testcase> <!-- @AfterSuite tearDownSuite -->
  <testcase name="@AfterSuite tearDownSuite" time="0.0" classname="com.vin.selenium.core.BaseTest">
    <ignored/>
  </testcase> <!-- @AfterSuite tearDownSuite -->
  <testcase name="@AfterSuite tearDownSuite" time="0.0" classname="com.vin.selenium.core.BaseTest">
    <ignored/>
  </testcase> <!-- @AfterSuite tearDownSuite -->
  <testcase name="@AfterSuite tearDownSuite" time="0.0" classname="com.vin.selenium.core.BaseTest">
    <ignored/>
  </testcase> <!-- @AfterSuite tearDownSuite -->
  <testcase name="@AfterSuite tearDownSuite" time="0.0" classname="com.vin.selenium.core.BaseTest">
    <ignored/>
  </testcase> <!-- @AfterSuite tearDownSuite -->
  <testcase name="@AfterSuite tearDownSuite" time="0.0" classname="com.vin.selenium.core.BaseTest">
    <ignored/>
  </testcase> <!-- @AfterSuite tearDownSuite -->
  <testcase name="@AfterSuite tearDownSuite" time="0.0" classname="com.vin.selenium.core.BaseTest">
    <ignored/>
  </testcase> <!-- @AfterSuite tearDownSuite -->
  <testcase name="@BeforeSuite before" time="0.0" classname="com.vin.selenium.core.BaseTest">
    <ignored/>
  </testcase> <!-- @BeforeSuite before -->
  <testcase name="@BeforeSuite before" time="0.0" classname="com.vin.selenium.core.BaseTest">
    <ignored/>
  </testcase> <!-- @BeforeSuite before -->
  <testcase name="@BeforeSuite before" time="0.0" classname="com.vin.selenium.core.BaseTest">
    <ignored/>
  </testcase> <!-- @BeforeSuite before -->
  <testcase name="@BeforeSuite before" time="0.0" classname="com.vin.selenium.core.BaseTest">
    <ignored/>
  </testcase> <!-- @BeforeSuite before -->
  <testcase name="@BeforeSuite before" time="0.0" classname="com.vin.selenium.core.BaseTest">
    <ignored/>
  </testcase> <!-- @BeforeSuite before -->
  <testcase name="@BeforeSuite before" time="0.0" classname="com.vin.selenium.core.BaseTest">
    <ignored/>
  </testcase> <!-- @BeforeSuite before -->
  <testcase name="@BeforeSuite before" time="0.0" classname="com.vin.selenium.core.BaseTest">
    <ignored/>
  </testcase> <!-- @BeforeSuite before -->
  <testcase name="@BeforeSuite before" time="0.0" classname="com.vin.selenium.core.BaseTest">
    <ignored/>
  </testcase> <!-- @BeforeSuite before -->
  <testcase name="@BeforeSuite before" time="0.0" classname="com.vin.selenium.core.BaseTest">
    <ignored/>
  </testcase> <!-- @BeforeSuite before -->
  <testcase name="@BeforeSuite before" time="0.0" classname="com.vin.selenium.core.BaseTest">
    <ignored/>
  </testcase> <!-- @BeforeSuite before -->
  <testcase name="@BeforeSuite before" time="0.0" classname="com.vin.selenium.core.BaseTest">
    <ignored/>
  </testcase> <!-- @BeforeSuite before -->
  <testcase name="@BeforeSuite before" time="0.0" classname="com.vin.selenium.core.BaseTest">
    <ignored/>
  </testcase> <!-- @BeforeSuite before -->
  <testcase name="@BeforeSuite before" time="0.0" classname="com.vin.selenium.core.BaseTest">
    <ignored/>
  </testcase> <!-- @BeforeSuite before -->
  <testcase name="@BeforeSuite before" time="0.0" classname="com.vin.selenium.core.BaseTest">
    <ignored/>
  </testcase> <!-- @BeforeSuite before -->
  <testcase name="@BeforeSuite before" time="0.0" classname="com.vin.selenium.core.BaseTest">
    <ignored/>
  </testcase> <!-- @BeforeSuite before -->
  <testcase name="@BeforeSuite before" time="0.0" classname="com.vin.selenium.core.BaseTest">
    <ignored/>
  </testcase> <!-- @BeforeSuite before -->
  <testcase name="@BeforeSuite before" time="0.0" classname="com.vin.selenium.core.BaseTest">
    <ignored/>
  </testcase> <!-- @BeforeSuite before -->
  <testcase name="@BeforeSuite before" time="0.0" classname="com.vin.selenium.core.BaseTest">
    <ignored/>
  </testcase> <!-- @BeforeSuite before -->
  <testcase name="@BeforeSuite before" time="0.0" classname="com.vin.selenium.core.BaseTest">
    <ignored/>
  </testcase> <!-- @BeforeSuite before -->
  <testcase name="@BeforeSuite before" time="0.0" classname="com.vin.selenium.core.BaseTest">
    <ignored/>
  </testcase> <!-- @BeforeSuite before -->
  <testcase name="@BeforeSuite before" time="0.0" classname="com.vin.selenium.core.BaseTest">
    <ignored/>
  </testcase> <!-- @BeforeSuite before -->
  <testcase name="@BeforeSuite before" time="0.0" classname="com.vin.selenium.core.BaseTest">
    <ignored/>
  </testcase> <!-- @BeforeSuite before -->
  <testcase name="@BeforeSuite before" time="0.0" classname="com.vin.selenium.core.BaseTest">
    <ignored/>
  </testcase> <!-- @BeforeSuite before -->
  <testcase name="@BeforeSuite before" time="0.0" classname="com.vin.selenium.core.BaseTest">
    <ignored/>
  </testcase> <!-- @BeforeSuite before -->
  <testcase name="@BeforeSuite before" time="0.0" classname="com.vin.selenium.core.BaseTest">
    <ignored/>
  </testcase> <!-- @BeforeSuite before -->
  <testcase name="@BeforeSuite before" time="0.0" classname="com.vin.selenium.core.BaseTest">
    <ignored/>
  </testcase> <!-- @BeforeSuite before -->
  <testcase name="@BeforeSuite before" time="0.0" classname="com.vin.selenium.core.BaseTest">
    <ignored/>
  </testcase> <!-- @BeforeSuite before -->
  <testcase name="@BeforeSuite before" time="0.0" classname="com.vin.selenium.core.BaseTest">
    <ignored/>
  </testcase> <!-- @BeforeSuite before -->
  <testcase name="@BeforeSuite before" time="0.0" classname="com.vin.selenium.core.BaseTest">
    <ignored/>
  </testcase> <!-- @BeforeSuite before -->
  <testcase name="@BeforeSuite before" time="0.0" classname="com.vin.selenium.core.BaseTest">
    <ignored/>
  </testcase> <!-- @BeforeSuite before -->
  <testcase name="@BeforeSuite before" time="0.0" classname="com.vin.selenium.core.BaseTest">
    <ignored/>
  </testcase> <!-- @BeforeSuite before -->
  <testcase name="@BeforeSuite before" time="0.0" classname="com.vin.selenium.core.BaseTest">
    <ignored/>
  </testcase> <!-- @BeforeSuite before -->
  <testcase name="@BeforeSuite before" time="0.0" classname="com.vin.selenium.core.BaseTest">
    <ignored/>
  </testcase> <!-- @BeforeSuite before -->
  <testcase name="@BeforeSuite before" time="0.0" classname="com.vin.selenium.core.BaseTest">
    <ignored/>
  </testcase> <!-- @BeforeSuite before -->
  <testcase name="@BeforeSuite before" time="0.0" classname="com.vin.selenium.core.BaseTest">
    <ignored/>
  </testcase> <!-- @BeforeSuite before -->
  <testcase name="@BeforeSuite before" time="0.0" classname="com.vin.selenium.core.BaseTest">
    <ignored/>
  </testcase> <!-- @BeforeSuite before -->
  <testcase name="@BeforeSuite before" time="0.0" classname="com.vin.selenium.core.BaseTest">
    <ignored/>
  </testcase> <!-- @BeforeSuite before -->
  <testcase name="@BeforeSuite before" time="0.0" classname="com.vin.selenium.core.BaseTest">
    <ignored/>
  </testcase> <!-- @BeforeSuite before -->
  <testcase name="@BeforeSuite before" time="0.0" classname="com.vin.selenium.core.BaseTest">
    <ignored/>
  </testcase> <!-- @BeforeSuite before -->
  <testcase name="@BeforeSuite before" time="0.0" classname="com.vin.selenium.core.BaseTest">
    <ignored/>
  </testcase> <!-- @BeforeSuite before -->
</testsuite> <!-- Regression -->
