<?xml version="1.0" encoding="UTF-8"?>
<testng-results skipped="0" failed="1" ignored="0" total="1" passed="0">
  <reporter-output>
    <line>
      <![CDATA[
Initialize Browser - Chrome ]]>
    </line>
    <line>
      <![CDATA[
Invoke target Environment - https://beta.vin.com/ ]]>
    </line>
    <line>
      <![CDATA[
1.1:Verify VIN Promo page is loaded (Title: Veterinary Information Network®, Inc. – VIN)]]>
    </line>
    <line>
      <![CDATA[
1.2: Select the LOGIN button]]>
    </line>
    <line>
      <![CDATA[
1.3:  Verify login page is displayed (Title: Login)]]>
    </line>
    <line>
      <![CDATA[
1.4: Log in to the Portal ]]>
    </line>
    <line>
      <![CDATA[
1.5: Verify Security Question Page displayed (Title: VIN – Security Question)]]>
    </line>
    <line>
      <![CDATA[
1.6: Enter Security Answer and Login if Security Question Page displayed]]>
    </line>
    <line>
      <![CDATA[
1.7:Verify Front Page displayed (Title: Front Page – VIN)d]]>
    </line>
    <line>
      <![CDATA[
1.8 Dismiss Alert Notifications if displayed]]>
    </line>
    <line>
      <![CDATA[
2.1: Select 'Message Boards' from the toolbar]]>
    </line>
    <line>
      <![CDATA[
2.2: Dismiss Alert Notifications if displayed]]>
    </line>
    <line>
      <![CDATA[
3.1:  Select Vet-to-Vet board under 'Filter by boards/folder (optional)' header ]]>
    </line>
    <line>
      <![CDATA[
3.2: Verify  Radio button for Vet-to-Vet board is selected ]]>
    </line>
    <line>
      <![CDATA[
3.3: Select 'MBTest' folder under 'Vet-to-Vet' board.]]>
    </line>
    <line>
      <![CDATA[
3.4: verify *MBTest folder is selected ]]>
    </line>
    <line>
      <![CDATA[
4.1: Select 'Post New' button ]]>
    </line>
    <line>
      <![CDATA[
4.2: You are posting in..' pop up is displayed with Vet-to-Vet board and MBTest information]]>
    </line>
    <line>
      <![CDATA[
4.3: Select 'Continue']]>
    </line>
    <line>
      <![CDATA[
4.4: Dismiss Alert Notifications if displayed]]>
    </line>
    <line>
      <![CDATA[
5.1: Post New Discussion window is displayed, Signalment window is displayed on the top if signalment is turned on for a folder ]]>
    </line>
    <line>
      <![CDATA[
6.1: Select 'Not a clinical case- skip' button if displayed ]]>
    </line>
    <line>
      <![CDATA[
6.2: 'Post New Discussion' window is visible]]>
    </line>
    <line>
      <![CDATA[
7.1: Provide 'VIN is awesome!!!' in discussion title text box]]>
    </line>
    <line>
      <![CDATA[
7.2:  Verify Discussion title is populated ]]>
    </line>
    <line>
      <![CDATA[
8.1: Provide the following text in 'My Post' area: 'Since 1991, VIN has been and always will be — for veterinarians, by veterinarians']]>
    </line>
    <line>
      <![CDATA[
8.2: Verify Post content is populated ]]>
    </line>
    <line>
      <![CDATA[
9.1: Make sure that the 'Preview Message' is checked. If the checkbox to preview message is not checked, check the checkbox ]]>
    </line>
    <line>
      <![CDATA[
9.2: Select 'Post Message']]>
    </line>
    <line>
      <![CDATA[
9.3: Preview window is displayed ]]>
    </line>
  </reporter-output>
  <suite name="Default suite" duration-ms="126916" started-at="2020-10-06T05:05:36Z" finished-at="2020-10-06T05:07:43Z">
    <groups>
    </groups>
    <test name="Default test" duration-ms="126916" started-at="2020-10-06T05:05:36Z" finished-at="2020-10-06T05:07:43Z">
      <class name="com.vin.testscripts.PostAndReplyHappyPath">
        <test-method status="PASS" signature="before()[pri:0, instance:com.vin.testscripts.PostAndReplyHappyPath@2cd2a21f]" name="before" is-config="true" duration-ms="265" started-at="2020-10-06T05:05:36Z" finished-at="2020-10-06T05:05:36Z">
          <reporter-output>
          </reporter-output>
        </test-method> <!-- before -->
        <test-method status="PASS" signature="setUp(java.lang.reflect.Method, java.lang.String)[pri:0, instance:com.vin.testscripts.PostAndReplyHappyPath@2cd2a21f]" name="setUp" is-config="true" duration-ms="29779" started-at="2020-10-06T05:05:36Z" finished-at="2020-10-06T05:06:06Z">
          <params>
            <param index="0">
              <value>
                <![CDATA[public void com.vin.testscripts.PostAndReplyHappyPath.postAndReply() throws java.lang.Exception]]>
              </value>
            </param>
            <param index="1">
              <value>
                <![CDATA[]]>
              </value>
            </param>
          </params>
          <reporter-output>
            <line>
              <![CDATA[
Initialize Browser - Chrome ]]>
            </line>
            <line>
              <![CDATA[
Invoke target Environment - https://beta.vin.com/ ]]>
            </line>
          </reporter-output>
        </test-method> <!-- setUp -->
        <test-method status="PASS" signature="getTestData()[pri:0, instance:com.vin.testscripts.PostAndReplyHappyPath@2cd2a21f]" name="getTestData" is-config="true" duration-ms="1" started-at="2020-10-06T05:06:06Z" finished-at="2020-10-06T05:06:06Z">
          <reporter-output>
          </reporter-output>
        </test-method> <!-- getTestData -->
        <test-method status="FAIL" signature="postAndReply()[pri:0, instance:com.vin.testscripts.PostAndReplyHappyPath@2cd2a21f]" name="postAndReply" duration-ms="93149" started-at="2020-10-06T05:06:06Z" finished-at="2020-10-06T05:07:39Z">
          <exception class="org.openqa.selenium.NoSuchElementException">
            <message>
              <![CDATA[no such element: Unable to locate element: {"method":"xpath","selector":"//div[@class='PostPreviewAlert']/span"}
  (Session info: chrome=85.0.4183.121)
For documentation on this error, please visit: https://www.seleniumhq.org/exceptions/no_such_element.html
Build info: version: '3.141.59', revision: 'e82be7d358', time: '2018-11-14T08:17:03'
System info: host: 'CJLPE13877FK', ip: '192.168.35.38', os.name: 'Windows 10', os.arch: 'amd64', os.version: '10.0', java.version: '1.8.0_261'
Driver info: org.openqa.selenium.chrome.ChromeDriver
Capabilities {acceptInsecureCerts: false, browserName: chrome, browserVersion: 85.0.4183.121, chrome: {chromedriverVersion: 85.0.4183.87 (cd6713ebf92fa..., userDataDir: C:\Users\arushi.g\AppData\L...}, goog:chromeOptions: {debuggerAddress: localhost:61881}, javascriptEnabled: true, networkConnectionEnabled: false, pageLoadStrategy: normal, platform: WINDOWS, platformName: WINDOWS, proxy: Proxy(), setWindowRect: true, strictFileInteractability: false, timeouts: {implicit: 0, pageLoad: 300000, script: 30000}, unhandledPromptBehavior: dismiss and notify, webauthn:virtualAuthenticators: true}
Session ID: dea225f8d3c68d918a0f2bc2ce966a77
*** Element info: {Using=xpath, value=//div[@class='PostPreviewAlert']/span}]]>
            </message>
            <full-stacktrace>
              <![CDATA[org.openqa.selenium.NoSuchElementException: no such element: Unable to locate element: {"method":"xpath","selector":"//div[@class='PostPreviewAlert']/span"}
  (Session info: chrome=85.0.4183.121)
For documentation on this error, please visit: https://www.seleniumhq.org/exceptions/no_such_element.html
Build info: version: '3.141.59', revision: 'e82be7d358', time: '2018-11-14T08:17:03'
System info: host: 'CJLPE13877FK', ip: '192.168.35.38', os.name: 'Windows 10', os.arch: 'amd64', os.version: '10.0', java.version: '1.8.0_261'
Driver info: org.openqa.selenium.chrome.ChromeDriver
Capabilities {acceptInsecureCerts: false, browserName: chrome, browserVersion: 85.0.4183.121, chrome: {chromedriverVersion: 85.0.4183.87 (cd6713ebf92fa..., userDataDir: C:\Users\arushi.g\AppData\L...}, goog:chromeOptions: {debuggerAddress: localhost:61881}, javascriptEnabled: true, networkConnectionEnabled: false, pageLoadStrategy: normal, platform: WINDOWS, platformName: WINDOWS, proxy: Proxy(), setWindowRect: true, strictFileInteractability: false, timeouts: {implicit: 0, pageLoad: 300000, script: 30000}, unhandledPromptBehavior: dismiss and notify, webauthn:virtualAuthenticators: true}
Session ID: dea225f8d3c68d918a0f2bc2ce966a77
*** Element info: {Using=xpath, value=//div[@class='PostPreviewAlert']/span}
at sun.reflect.NativeConstructorAccessorImpl.newInstance0(Native Method)
at sun.reflect.NativeConstructorAccessorImpl.newInstance(Unknown Source)
at sun.reflect.DelegatingConstructorAccessorImpl.newInstance(Unknown Source)
at java.lang.reflect.Constructor.newInstance(Unknown Source)
at org.openqa.selenium.remote.http.W3CHttpResponseCodec.createException(W3CHttpResponseCodec.java:187)
at org.openqa.selenium.remote.http.W3CHttpResponseCodec.decode(W3CHttpResponseCodec.java:122)
at org.openqa.selenium.remote.http.W3CHttpResponseCodec.decode(W3CHttpResponseCodec.java:49)
at org.openqa.selenium.remote.HttpCommandExecutor.execute(HttpCommandExecutor.java:158)
at org.openqa.selenium.remote.service.DriverCommandExecutor.execute(DriverCommandExecutor.java:83)
at org.openqa.selenium.remote.RemoteWebDriver.execute(RemoteWebDriver.java:552)
at org.openqa.selenium.remote.RemoteWebDriver.findElement(RemoteWebDriver.java:323)
at org.openqa.selenium.remote.RemoteWebDriver.findElementByXPath(RemoteWebDriver.java:428)
at org.openqa.selenium.By$ByXPath.findElement(By.java:353)
at org.openqa.selenium.remote.RemoteWebDriver.findElement(RemoteWebDriver.java:315)
at org.openqa.selenium.support.pagefactory.DefaultElementLocator.findElement(DefaultElementLocator.java:69)
at org.openqa.selenium.support.pagefactory.internal.LocatingElementHandler.invoke(LocatingElementHandler.java:38)
at com.sun.proxy.$Proxy13.isDisplayed(Unknown Source)
at com.vin.pages.MessageBoards.verifyPreviewWindowDisplayed(MessageBoards.java:667)
at com.vin.testscripts.PostAndReplyHappyPath.postAndReply(PostAndReplyHappyPath.java:128)
at sun.reflect.NativeMethodAccessorImpl.invoke0(Native Method)
at sun.reflect.NativeMethodAccessorImpl.invoke(Unknown Source)
at sun.reflect.DelegatingMethodAccessorImpl.invoke(Unknown Source)
at java.lang.reflect.Method.invoke(Unknown Source)
at org.testng.internal.MethodInvocationHelper.invokeMethod(MethodInvocationHelper.java:124)
at org.testng.internal.Invoker.invokeMethod(Invoker.java:583)
at org.testng.internal.Invoker.invokeTestMethod(Invoker.java:719)
at org.testng.internal.Invoker.invokeTestMethods(Invoker.java:989)
at org.testng.internal.TestMethodWorker.invokeTestMethods(TestMethodWorker.java:125)
at org.testng.internal.TestMethodWorker.run(TestMethodWorker.java:109)
at org.testng.TestRunner.privateRun(TestRunner.java:648)
at org.testng.TestRunner.run(TestRunner.java:505)
at org.testng.SuiteRunner.runTest(SuiteRunner.java:455)
at org.testng.SuiteRunner.runSequentially(SuiteRunner.java:450)
at org.testng.SuiteRunner.privateRun(SuiteRunner.java:415)
at org.testng.SuiteRunner.run(SuiteRunner.java:364)
at org.testng.SuiteRunnerWorker.runSuite(SuiteRunnerWorker.java:52)
at org.testng.SuiteRunnerWorker.run(SuiteRunnerWorker.java:84)
at org.testng.TestNG.runSuitesSequentially(TestNG.java:1208)
at org.testng.TestNG.runSuitesLocally(TestNG.java:1137)
at org.testng.TestNG.runSuites(TestNG.java:1049)
at org.testng.TestNG.run(TestNG.java:1017)
at org.testng.remote.AbstractRemoteTestNG.run(AbstractRemoteTestNG.java:115)
at org.testng.remote.RemoteTestNG.initAndRun(RemoteTestNG.java:251)
at org.testng.remote.RemoteTestNG.main(RemoteTestNG.java:77)
]]>
            </full-stacktrace>
          </exception> <!-- org.openqa.selenium.NoSuchElementException -->
          <reporter-output>
            <line>
              <![CDATA[
1.1:Verify VIN Promo page is loaded (Title: Veterinary Information Network®, Inc. – VIN)]]>
            </line>
            <line>
              <![CDATA[
1.2: Select the LOGIN button]]>
            </line>
            <line>
              <![CDATA[
1.3:  Verify login page is displayed (Title: Login)]]>
            </line>
            <line>
              <![CDATA[
1.4: Log in to the Portal ]]>
            </line>
            <line>
              <![CDATA[
1.5: Verify Security Question Page displayed (Title: VIN – Security Question)]]>
            </line>
            <line>
              <![CDATA[
1.6: Enter Security Answer and Login if Security Question Page displayed]]>
            </line>
            <line>
              <![CDATA[
1.7:Verify Front Page displayed (Title: Front Page – VIN)d]]>
            </line>
            <line>
              <![CDATA[
1.8 Dismiss Alert Notifications if displayed]]>
            </line>
            <line>
              <![CDATA[
2.1: Select 'Message Boards' from the toolbar]]>
            </line>
            <line>
              <![CDATA[
2.2: Dismiss Alert Notifications if displayed]]>
            </line>
            <line>
              <![CDATA[
3.1:  Select Vet-to-Vet board under 'Filter by boards/folder (optional)' header ]]>
            </line>
            <line>
              <![CDATA[
3.2: Verify  Radio button for Vet-to-Vet board is selected ]]>
            </line>
            <line>
              <![CDATA[
3.3: Select 'MBTest' folder under 'Vet-to-Vet' board.]]>
            </line>
            <line>
              <![CDATA[
3.4: verify *MBTest folder is selected ]]>
            </line>
            <line>
              <![CDATA[
4.1: Select 'Post New' button ]]>
            </line>
            <line>
              <![CDATA[
4.2: You are posting in..' pop up is displayed with Vet-to-Vet board and MBTest information]]>
            </line>
            <line>
              <![CDATA[
4.3: Select 'Continue']]>
            </line>
            <line>
              <![CDATA[
4.4: Dismiss Alert Notifications if displayed]]>
            </line>
            <line>
              <![CDATA[
5.1: Post New Discussion window is displayed, Signalment window is displayed on the top if signalment is turned on for a folder ]]>
            </line>
            <line>
              <![CDATA[
6.1: Select 'Not a clinical case- skip' button if displayed ]]>
            </line>
            <line>
              <![CDATA[
6.2: 'Post New Discussion' window is visible]]>
            </line>
            <line>
              <![CDATA[
7.1: Provide 'VIN is awesome!!!' in discussion title text box]]>
            </line>
            <line>
              <![CDATA[
7.2:  Verify Discussion title is populated ]]>
            </line>
            <line>
              <![CDATA[
8.1: Provide the following text in 'My Post' area: 'Since 1991, VIN has been and always will be — for veterinarians, by veterinarians']]>
            </line>
            <line>
              <![CDATA[
8.2: Verify Post content is populated ]]>
            </line>
            <line>
              <![CDATA[
9.1: Make sure that the 'Preview Message' is checked. If the checkbox to preview message is not checked, check the checkbox ]]>
            </line>
            <line>
              <![CDATA[
9.2: Select 'Post Message']]>
            </line>
            <line>
              <![CDATA[
9.3: Preview window is displayed ]]>
            </line>
          </reporter-output>
        </test-method> <!-- postAndReply -->
        <test-method status="PASS" signature="afterMainMethod(org.testng.ITestResult)[pri:0, instance:com.vin.testscripts.PostAndReplyHappyPath@2cd2a21f]" name="afterMainMethod" is-config="true" duration-ms="3966" started-at="2020-10-06T05:07:39Z" finished-at="2020-10-06T05:07:43Z">
          <params>
            <param index="0">
              <value>
                <![CDATA[[TestResult name=postAndReply status=FAILURE method=PostAndReplyHappyPath.postAndReply()[pri:0, instance:com.vin.testscripts.PostAndReplyHappyPath@2cd2a21f] output=
1.1:Verify VIN Promo page is loaded (Title: Veterinary Information Network®, Inc. – VIN)]]]>
              </value>
            </param>
          </params>
          <reporter-output>
          </reporter-output>
        </test-method> <!-- afterMainMethod -->
        <test-method status="PASS" signature="tearDownSuite()[pri:0, instance:com.vin.testscripts.PostAndReplyHappyPath@2cd2a21f]" name="tearDownSuite" is-config="true" duration-ms="453" started-at="2020-10-06T05:07:43Z" finished-at="2020-10-06T05:07:44Z">
          <reporter-output>
          </reporter-output>
        </test-method> <!-- tearDownSuite -->
      </class> <!-- com.vin.testscripts.PostAndReplyHappyPath -->
    </test> <!-- Default test -->
  </suite> <!-- Default suite -->
</testng-results>
